<?xml version="1.0" encoding="UTF-8"?>
<!-- Generated by org.testng.reporters.JUnitReportReporter -->
<testsuite skipped="0" hostname="DESKTOP-DOIMUML" name="GmailSignupTest.mainTest" tests="1" failures="0" timestamp="06 Mar 2019 11:45:28 GMT" time="48.025" errors="0">
  <testcase name="signUp" time="48.025" classname="GmailSignupTest.mainTest"/>
</testsuite> <!-- GmailSignupTest.mainTest -->
